h:\courses\cse 287\developmentcode\cse287lab1\cse287lab1\debug\vc120.pdb
h:\courses\cse 287\developmentcode\cse287lab1\cse287lab1\debug\vc120.idb
h:\courses\cse 287\developmentcode\cse287lab1\cse287lab1\debug\square.obj
h:\courses\cse 287\developmentcode\cse287lab1\cse287lab1\debug\colorbuffer.obj
h:\courses\cse 287\developmentcode\cse287lab1\cse287lab1\debug\rasteruser.obj
h:\courses\cse 287\developmentcode\cse287lab1\cse287lab1\debug\rectangle.obj
c:\users\bachmaer\desktop\cse287lab1\cse287lab1\debug\vc120.pdb
c:\users\bachmaer\desktop\cse287lab1\cse287lab1\debug\vc120.idb
c:\users\bachmaer\desktop\cse287lab1\cse287lab1\debug\colorbuffer.obj
c:\users\bachmaer\desktop\cse287lab1\cse287lab1\debug\rasteruser.obj
h:\courses\cse 287\developmentcode\cse287lab1\debug\cse287lab1.ilk
h:\courses\cse 287\developmentcode\cse287lab1\debug\cse287lab1.exe
h:\courses\cse 287\developmentcode\cse287lab1\debug\cse287lab1.pdb
c:\users\bachmaer\desktop\cse287lab1\debug\cse287lab1.ilk
c:\users\bachmaer\desktop\cse287lab1\debug\cse287lab1.exe
c:\users\bachmaer\desktop\cse287lab1\debug\cse287lab1.pdb
c:\users\bachmaer\desktop\cse287lab1\cse287lab1\debug\rectangle.obj
c:\users\bachmaer\desktop\cse287lab1\cse287lab1\debug\square.obj
c:\users\bachmaer\desktop\cse287lab1\cse287lab1\debug\cse287lab1.tlog\cl.command.1.tlog
c:\users\bachmaer\desktop\cse287lab1\cse287lab1\debug\cse287lab1.tlog\cl.read.1.tlog
c:\users\bachmaer\desktop\cse287lab1\cse287lab1\debug\cse287lab1.tlog\cl.write.1.tlog
c:\users\bachmaer\desktop\cse287lab1\cse287lab1\debug\cse287lab1.tlog\link.command.1.tlog
c:\users\bachmaer\desktop\cse287lab1\cse287lab1\debug\cse287lab1.tlog\link.read.1.tlog
c:\users\bachmaer\desktop\cse287lab1\cse287lab1\debug\cse287lab1.tlog\link.write.1.tlog
