Build started 11/23/2015 10:44:16 PM.
     1>Project "C:\Users\Daltin\cse-287\CSE287ProjectTwoLoomisdf\CSE287LabNineLoomisdf\CSE287Lab9\CSE287Lab\CSE287Lab.vcxproj" on node 2 (Build target(s)).
     1>ClCompile:
         C:\Program Files (x86)\Microsoft Visual Studio 12.0\VC\bin\CL.exe /c /Zi /nologo /W3 /WX- /O2 /Oi /Oy- /GL /D WIN32 /D NDEBUG /D _CONSOLE /D _LIB /D _UNICODE /D UNICODE /Gm- /EHsc /MD /GS /Gy /fp:precise /Zc:wchar_t /Zc:forScope /Fo"Release\\" /Fd"Release\vc120.pdb" /Gd /TP /analyze- /errorReport:prompt BasicIncludesAndDefines.cpp Camera.cpp ColorBuffer.cpp Proj2.cpp ScanConversion.cpp ShapeFunctions.cpp
         BasicIncludesAndDefines.cpp
         Camera.cpp
         ColorBuffer.cpp
         Proj2.cpp
         ScanConversion.cpp
         ShapeFunctions.cpp
       Link:
         C:\Program Files (x86)\Microsoft Visual Studio 12.0\VC\bin\link.exe /ERRORREPORT:PROMPT /OUT:"C:\Users\Daltin\cse-287\CSE287ProjectTwoLoomisdf\CSE287LabNineLoomisdf\CSE287Lab9\Release\CSE287Lab9.exe" /INCREMENTAL:NO /NOLOGO glew32.lib freeglut.lib kernel32.lib user32.lib gdi32.lib winspool.lib comdlg32.lib advapi32.lib shell32.lib ole32.lib oleaut32.lib uuid.lib odbc32.lib odbccp32.lib /MANIFEST /MANIFESTUAC:"level='asInvoker' uiAccess='false'" /manifest:embed /DEBUG /PDB:"C:\Users\Daltin\cse-287\CSE287ProjectTwoLoomisdf\CSE287LabNineLoomisdf\CSE287Lab9\Release\CSE287Lab9.pdb" /SUBSYSTEM:CONSOLE /OPT:REF /OPT:ICF /LTCG /TLBID:1 /DYNAMICBASE /NXCOMPAT /IMPLIB:"C:\Users\Daltin\cse-287\CSE287ProjectTwoLoomisdf\CSE287LabNineLoomisdf\CSE287Lab9\Release\CSE287Lab9.lib" /MACHINE:X86 /SAFESEH Release\BasicIncludesAndDefines.obj
         Release\Camera.obj
         Release\ColorBuffer.obj
         Release\Proj2.obj
         Release\ScanConversion.obj
         Release\ShapeFunctions.obj
         Generating code
         Finished generating code
         CSE287Lab.vcxproj -> C:\Users\Daltin\cse-287\CSE287ProjectTwoLoomisdf\CSE287LabNineLoomisdf\CSE287Lab9\Release\CSE287Lab9.exe
     1>Done Building Project "C:\Users\Daltin\cse-287\CSE287ProjectTwoLoomisdf\CSE287LabNineLoomisdf\CSE287Lab9\CSE287Lab\CSE287Lab.vcxproj" (Build target(s)).

Build succeeded.

Time Elapsed 00:00:46.09
