c:\users\daltin\desktop\cse287labsixloomisdf\cse287lab5\cse287lab5\rasterdevlopment\release\vc120.pdb
c:\users\daltin\desktop\cse287labsixloomisdf\cse287lab5\cse287lab5\rasterdevlopment\release\surface.obj
c:\users\daltin\desktop\cse287labsixloomisdf\cse287lab5\cse287lab5\rasterdevlopment\release\sphere.obj
c:\users\daltin\desktop\cse287labsixloomisdf\cse287lab5\cse287lab5\rasterdevlopment\release\raytracer.obj
c:\users\daltin\desktop\cse287labsixloomisdf\cse287lab5\cse287lab5\rasterdevlopment\release\proj1.obj
c:\users\daltin\desktop\cse287labsixloomisdf\cse287lab5\cse287lab5\rasterdevlopment\release\quadricsurface.obj
c:\users\daltin\desktop\cse287labsixloomisdf\cse287lab5\cse287lab5\rasterdevlopment\release\mypolygon.obj
c:\users\daltin\desktop\cse287labsixloomisdf\cse287lab5\cse287lab5\rasterdevlopment\release\plane.obj
c:\users\daltin\desktop\cse287labsixloomisdf\cse287lab5\cse287lab5\rasterdevlopment\release\paraboloid.obj
c:\users\daltin\desktop\cse287labsixloomisdf\cse287lab5\cse287lab5\rasterdevlopment\release\colorbuffer.obj
c:\users\daltin\desktop\cse287projectoneloomisdf\cse287projectone\cse287projectone\rasterdevlopment\release\vc120.pdb
c:\users\daltin\desktop\cse287projectoneloomisdf\cse287projectone\cse287projectone\rasterdevlopment\release\surface.obj
c:\users\daltin\desktop\cse287projectoneloomisdf\cse287projectone\cse287projectone\rasterdevlopment\release\sphere.obj
c:\users\daltin\desktop\cse287projectoneloomisdf\cse287projectone\cse287projectone\rasterdevlopment\release\raytracer.obj
c:\users\daltin\desktop\cse287projectoneloomisdf\cse287projectone\cse287projectone\rasterdevlopment\release\proj1.obj
c:\users\daltin\desktop\cse287projectoneloomisdf\cse287projectone\cse287projectone\rasterdevlopment\release\quadricsurface.obj
c:\users\daltin\desktop\cse287projectoneloomisdf\cse287projectone\cse287projectone\rasterdevlopment\release\mypolygon.obj
c:\users\daltin\desktop\cse287projectoneloomisdf\cse287projectone\cse287projectone\rasterdevlopment\release\plane.obj
c:\users\daltin\desktop\cse287projectoneloomisdf\cse287projectone\cse287projectone\rasterdevlopment\release\paraboloid.obj
c:\users\daltin\desktop\cse287projectoneloomisdf\cse287projectone\cse287projectone\rasterdevlopment\release\colorbuffer.obj
c:\users\daltin\desktop\cse287labsixloomisdf\cse287lab5\cse287lab5\release\lab5.exe
c:\users\daltin\desktop\cse287labsixloomisdf\cse287lab5\cse287lab5\release\lab5.pdb
c:\users\daltin\desktop\cse287projectoneloomisdf\cse287projectone\cse287projectone\release\lab5.exe
c:\users\daltin\desktop\cse287projectoneloomisdf\cse287projectone\cse287projectone\release\lab5.pdb
c:\users\daltin\desktop\cse287projectoneloomisdf\cse287projectone\cse287projectone\rasterdevlopment\release\lab5.tlog\cl.command.1.tlog
c:\users\daltin\desktop\cse287projectoneloomisdf\cse287projectone\cse287projectone\rasterdevlopment\release\lab5.tlog\cl.read.1.tlog
c:\users\daltin\desktop\cse287projectoneloomisdf\cse287projectone\cse287projectone\rasterdevlopment\release\lab5.tlog\cl.write.1.tlog
c:\users\daltin\desktop\cse287projectoneloomisdf\cse287projectone\cse287projectone\rasterdevlopment\release\lab5.tlog\link.command.1.tlog
c:\users\daltin\desktop\cse287projectoneloomisdf\cse287projectone\cse287projectone\rasterdevlopment\release\lab5.tlog\link.read.1.tlog
c:\users\daltin\desktop\cse287projectoneloomisdf\cse287projectone\cse287projectone\rasterdevlopment\release\lab5.tlog\link.write.1.tlog
