Build started 10/23/2015 8:29:26 PM.
     1>Project "C:\Users\Daltin\Desktop\CSE287ProjectOneLoomisdf\CSE287ProjectOne\CSE287ProjectOne\RasterDevlopment\RasterDevlopment.vcxproj" on node 2 (Build target(s)).
     1>ClCompile:
         C:\Program Files (x86)\Microsoft Visual Studio 12.0\VC\bin\CL.exe /c /Zi /nologo /W3 /WX- /O2 /Oi /Oy- /GL /D WIN32 /D NDEBUG /D _CONSOLE /D _UNICODE /D UNICODE /Gm- /EHsc /MD /GS /Gy /fp:precise /Zc:wchar_t /Zc:forScope /Fo"Release\\" /Fd"Release\vc120.pdb" /Gd /TP /analyze- /errorReport:prompt RayTracer.cpp
         RayTracer.cpp
     1>RayTracer.cpp(151): warning C4244: '=' : conversion from 'double' to 'float', possible loss of data
     1>RayTracer.cpp(152): warning C4244: '=' : conversion from 'double' to 'float', possible loss of data
       Link:
         C:\Program Files (x86)\Microsoft Visual Studio 12.0\VC\bin\link.exe /ERRORREPORT:PROMPT /OUT:"C:\Users\Daltin\Desktop\CSE287ProjectOneLoomisdf\CSE287ProjectOne\CSE287ProjectOne\Release\Lab5.exe" /INCREMENTAL:NO /NOLOGO glew32.lib freeglut.lib kernel32.lib user32.lib gdi32.lib winspool.lib comdlg32.lib advapi32.lib shell32.lib ole32.lib oleaut32.lib uuid.lib odbc32.lib odbccp32.lib /MANIFEST /MANIFESTUAC:"level='asInvoker' uiAccess='false'" /manifest:embed /DEBUG /PDB:"C:\Users\Daltin\Desktop\CSE287ProjectOneLoomisdf\CSE287ProjectOne\CSE287ProjectOne\Release\Lab5.pdb" /SUBSYSTEM:CONSOLE /OPT:REF /OPT:ICF /LTCG /TLBID:1 /DYNAMICBASE /NXCOMPAT /IMPLIB:"C:\Users\Daltin\Desktop\CSE287ProjectOneLoomisdf\CSE287ProjectOne\CSE287ProjectOne\Release\Lab5.lib" /MACHINE:X86 /SAFESEH Release\ColorBuffer.obj
         Release\Paraboloid.obj
         Release\Plane.obj
         Release\MyPolygon.obj
         Release\QuadricSurface.obj
         Release\Proj1.obj
         Release\RayTracer.obj
         Release\Sphere.obj
         Release\Surface.obj
         Generating code
         Finished generating code
         RasterDevlopment.vcxproj -> C:\Users\Daltin\Desktop\CSE287ProjectOneLoomisdf\CSE287ProjectOne\CSE287ProjectOne\Release\Lab5.exe
     1>Done Building Project "C:\Users\Daltin\Desktop\CSE287ProjectOneLoomisdf\CSE287ProjectOne\CSE287ProjectOne\RasterDevlopment\RasterDevlopment.vcxproj" (Build target(s)).

Build succeeded.

Time Elapsed 00:00:09.48
